{"/Users/hualun/Desktop/cs3219-project-ay2122-2122-s1-g33/Code Executor/app/routes/code-executor.routes.js": {"path":"/Users/hualun/Desktop/cs3219-project-ay2122-2122-s1-g33/Code Executor/app/routes/code-executor.routes.js","statementMap":{"0":{"start":{"line":1,"column":16},"end":{"line":1,"column":34}},"1":{"start":{"line":2,"column":15},"end":{"line":2,"column":31}},"2":{"start":{"line":3,"column":11},"end":{"line":3,"column":24}},"3":{"start":{"line":4,"column":13},"end":{"line":4,"column":28}},"4":{"start":{"line":5,"column":12},"end":{"line":5,"column":26}},"5":{"start":{"line":7,"column":19},"end":{"line":7,"column":28}},"6":{"start":{"line":28,"column":18},"end":{"line":61,"column":1}},"7":{"start":{"line":29,"column":4},"end":{"line":60,"column":6}},"8":{"start":{"line":31,"column":26},"end":{"line":31,"column":50}},"9":{"start":{"line":32,"column":23},"end":{"line":32,"column":50}},"10":{"start":{"line":35,"column":8},"end":{"line":37,"column":22}},"11":{"start":{"line":36,"column":12},"end":{"line":36,"column":25}},"12":{"start":{"line":39,"column":21},"end":{"line":39,"column":23}},"13":{"start":{"line":41,"column":8},"end":{"line":43,"column":11}},"14":{"start":{"line":42,"column":12},"end":{"line":42,"column":37}},"15":{"start":{"line":45,"column":8},"end":{"line":48,"column":11}},"16":{"start":{"line":46,"column":24},"end":{"line":46,"column":50}},"17":{"start":{"line":47,"column":12},"end":{"line":47,"column":25}},"18":{"start":{"line":50,"column":8},"end":{"line":58,"column":11}},"19":{"start":{"line":51,"column":12},"end":{"line":51,"column":91}},"20":{"start":{"line":52,"column":12},"end":{"line":56,"column":13}},"21":{"start":{"line":53,"column":28},"end":{"line":53,"column":100}},"22":{"start":{"line":54,"column":16},"end":{"line":54,"column":34}},"23":{"start":{"line":55,"column":16},"end":{"line":55,"column":29}},"24":{"start":{"line":57,"column":12},"end":{"line":57,"column":27}},"25":{"start":{"line":63,"column":0},"end":{"line":92,"column":2}},"26":{"start":{"line":65,"column":4},"end":{"line":69,"column":5}},"27":{"start":{"line":66,"column":8},"end":{"line":68,"column":11}},"28":{"start":{"line":72,"column":19},"end":{"line":72,"column":69}},"29":{"start":{"line":73,"column":21},"end":{"line":73,"column":32}},"30":{"start":{"line":74,"column":4},"end":{"line":74,"column":46}},"31":{"start":{"line":77,"column":4},"end":{"line":77,"column":45}},"32":{"start":{"line":80,"column":4},"end":{"line":90,"column":10}},"33":{"start":{"line":82,"column":12},"end":{"line":82,"column":69}},"34":{"start":{"line":85,"column":12},"end":{"line":89,"column":13}},"35":{"start":{"line":86,"column":16},"end":{"line":86,"column":127}},"36":{"start":{"line":88,"column":16},"end":{"line":88,"column":118}},"37":{"start":{"line":95,"column":0},"end":{"line":98,"column":1}}},"fnMap":{"0":{"name":"(anonymous_0)","decl":{"start":{"line":28,"column":18},"end":{"line":28,"column":19}},"loc":{"start":{"line":28,"column":32},"end":{"line":61,"column":1}},"line":28},"1":{"name":"(anonymous_1)","decl":{"start":{"line":29,"column":23},"end":{"line":29,"column":24}},"loc":{"start":{"line":29,"column":44},"end":{"line":60,"column":5}},"line":29},"2":{"name":"(anonymous_2)","decl":{"start":{"line":35,"column":19},"end":{"line":35,"column":20}},"loc":{"start":{"line":35,"column":25},"end":{"line":37,"column":9}},"line":35},"3":{"name":"(anonymous_3)","decl":{"start":{"line":41,"column":33},"end":{"line":41,"column":34}},"loc":{"start":{"line":41,"column":48},"end":{"line":43,"column":9}},"line":41},"4":{"name":"(anonymous_4)","decl":{"start":{"line":45,"column":33},"end":{"line":45,"column":34}},"loc":{"start":{"line":45,"column":43},"end":{"line":48,"column":9}},"line":45},"5":{"name":"(anonymous_5)","decl":{"start":{"line":50,"column":26},"end":{"line":50,"column":27}},"loc":{"start":{"line":50,"column":44},"end":{"line":58,"column":9}},"line":50},"6":{"name":"(anonymous_6)","decl":{"start":{"line":63,"column":17},"end":{"line":63,"column":18}},"loc":{"start":{"line":63,"column":31},"end":{"line":92,"column":1}},"line":63},"7":{"name":"(anonymous_7)","decl":{"start":{"line":81,"column":14},"end":{"line":81,"column":15}},"loc":{"start":{"line":81,"column":24},"end":{"line":83,"column":9}},"line":81},"8":{"name":"(anonymous_8)","decl":{"start":{"line":84,"column":15},"end":{"line":84,"column":16}},"loc":{"start":{"line":84,"column":24},"end":{"line":90,"column":9}},"line":84}},"branchMap":{"0":{"loc":{"start":{"line":52,"column":12},"end":{"line":56,"column":13}},"type":"if","locations":[{"start":{"line":52,"column":12},"end":{"line":56,"column":13}},{"start":{},"end":{}}],"line":52},"1":{"loc":{"start":{"line":65,"column":4},"end":{"line":69,"column":5}},"type":"if","locations":[{"start":{"line":65,"column":4},"end":{"line":69,"column":5}},{"start":{},"end":{}}],"line":65},"2":{"loc":{"start":{"line":85,"column":12},"end":{"line":89,"column":13}},"type":"if","locations":[{"start":{"line":85,"column":12},"end":{"line":89,"column":13}},{"start":{"line":87,"column":19},"end":{"line":89,"column":13}}],"line":85}},"s":{"0":1,"1":1,"2":1,"3":1,"4":1,"5":1,"6":1,"7":8,"8":8,"9":8,"10":8,"11":8,"12":8,"13":8,"14":4,"15":8,"16":2,"17":2,"18":8,"19":8,"20":8,"21":1,"22":1,"23":1,"24":8,"25":1,"26":0,"27":0,"28":0,"29":0,"30":0,"31":0,"32":0,"33":0,"34":0,"35":0,"36":0,"37":1},"f":{"0":8,"1":8,"2":8,"3":4,"4":2,"5":8,"6":0,"7":0,"8":0},"b":{"0":[1,7],"1":[0,0],"2":[0,0]},"_coverageSchema":"1a1c01bbd47fc00a2c39e90264f33305004495a9","hash":"5ec82692cefd5807e9c31ceab14a43b2dae34435"}
}
