TN:
SF:Code Executor/app/routes/code-executor.routes.js
FN:28,(anonymous_0)
FN:29,(anonymous_1)
FN:35,(anonymous_2)
FN:41,(anonymous_3)
FN:45,(anonymous_4)
FN:50,(anonymous_5)
FN:63,(anonymous_6)
FN:81,(anonymous_7)
FN:84,(anonymous_8)
FNF:9
FNH:6
FNDA:8,(anonymous_0)
FNDA:8,(anonymous_1)
FNDA:8,(anonymous_2)
FNDA:4,(anonymous_3)
FNDA:2,(anonymous_4)
FNDA:8,(anonymous_5)
FNDA:0,(anonymous_6)
FNDA:0,(anonymous_7)
FNDA:0,(anonymous_8)
DA:1,1
DA:2,1
DA:3,1
DA:4,1
DA:5,1
DA:7,1
DA:28,1
DA:29,8
DA:31,8
DA:32,8
DA:35,8
DA:36,8
DA:39,8
DA:41,8
DA:42,4
DA:45,8
DA:46,2
DA:47,2
DA:50,8
DA:51,8
DA:52,8
DA:53,1
DA:54,1
DA:55,1
DA:57,8
DA:63,1
DA:65,0
DA:66,0
DA:72,0
DA:73,0
DA:74,0
DA:77,0
DA:80,0
DA:82,0
DA:85,0
DA:86,0
DA:88,0
DA:95,1
LF:38
LH:27
BRDA:52,0,0,1
BRDA:52,0,1,7
BRDA:65,1,0,0
BRDA:65,1,1,0
BRDA:85,2,0,0
BRDA:85,2,1,0
BRF:6
BRH:2
end_of_record
